<?xml version="1.0" encoding="UTF-8"?>
<!-- Generated by org.testng.reporters.JUnitReportReporter -->
<testsuite hostname="SanPC" failures="0" tests="4" name="eveningTestng.FirstProg" time="0.048" errors="0" timestamp="2024-02-15T21:46:08 IST" skipped="0">
  <testcase classname="eveningTestng.FirstProg" name="doll" time="0.039"/>
  <testcase classname="eveningTestng.FirstProg" name="cat" time="0.004"/>
  <testcase classname="eveningTestng.FirstProg" name="apple" time="0.002"/>
  <testcase classname="eveningTestng.FirstProg" name="ball" time="0.003"/>
</testsuite> <!-- eveningTestng.FirstProg -->
