<?xml version="1.0" encoding="UTF-8"?>
<!-- Generated by org.testng.reporters.JUnitReportReporter -->
<testsuite hostname="SanPC" failures="0" tests="1" name="Basics.ThirdProg" time="0.003" errors="0" timestamp="2024-02-13T09:16:22 IST" skipped="0">
  <testcase classname="Basics.ThirdProg" name="thirdTest" time="0.003"/>
</testsuite> <!-- Basics.ThirdProg -->
