<?xml version="1.0" encoding="UTF-8"?>
<!-- Generated by org.testng.reporters.JUnitReportReporter -->
<testsuite hostname="SanPC" failures="0" tests="2" name="parallelDemo.ParallelExecution" time="18.313" errors="0" timestamp="2024-02-15T09:15:51 IST" skipped="0">
  <testcase classname="parallelDemo.ParallelExecution" name="openGoogle" time="13.152"/>
  <testcase classname="parallelDemo.ParallelExecution" name="openfacebook" time="5.161"/>
</testsuite> <!-- parallelDemo.ParallelExecution -->
