<?xml version="1.0" encoding="UTF-8"?>
<!-- Generated by org.testng.reporters.JUnitReportReporter -->
<testsuite hostname="SanPC" failures="0" tests="4" name="Basics.AnnotationAttributes" time="0.034" errors="0" timestamp="2024-02-15T21:35:34 IST" skipped="0">
  <testcase classname="Basics.AnnotationAttributes" name="cat" time="0.003"/>
  <testcase classname="Basics.AnnotationAttributes" name="doll" time="0.025"/>
  <testcase classname="Basics.AnnotationAttributes" name="banana" time="0.003"/>
  <testcase classname="Basics.AnnotationAttributes" name="Apple" time="0.003"/>
</testsuite> <!-- Basics.AnnotationAttributes -->
