<?xml version="1.0" encoding="UTF-8"?>
<!-- Generated by org.testng.reporters.JUnitReportReporter -->
<testsuite hostname="SanPC" failures="0" tests="3" name="crossBrowsing.CrossBrowsingTest" time="5.776" errors="0" timestamp="2024-02-16T21:49:03 IST" skipped="0">
  <testcase classname="crossBrowsing.CrossBrowsingTest" name="openUrl" time="2.325"/>
  <testcase classname="crossBrowsing.CrossBrowsingTest" name="openUrl" time="1.514"/>
  <testcase classname="crossBrowsing.CrossBrowsingTest" name="openUrl" time="1.937"/>
</testsuite> <!-- crossBrowsing.CrossBrowsingTest -->
