<?xml version="1.0" encoding="UTF-8"?>
<!-- Generated by org.testng.reporters.JUnitReportReporter -->
<testsuite hostname="SanPC" failures="0" tests="2" name="parallelDemo.ParallelExecution" time="10.850" errors="0" timestamp="2024-02-16T21:39:33 IST" skipped="0">
  <testcase classname="parallelDemo.ParallelExecution" name="openfacebook" time="5.431"/>
  <testcase classname="parallelDemo.ParallelExecution" name="openGoogle" time="5.419"/>
</testsuite> <!-- parallelDemo.ParallelExecution -->
