<?xml version="1.0" encoding="UTF-8"?>
<!-- Generated by org.testng.reporters.JUnitReportReporter -->
<testsuite hostname="SanPC" failures="0" tests="3" name="eveningTestng.GroupingDemo" time="0.031" errors="0" timestamp="2024-02-16T20:13:49 IST" skipped="0">
  <testcase classname="eveningTestng.GroupingDemo" name="TCS" time="0.003"/>
  <testcase classname="eveningTestng.GroupingDemo" name="infosys" time="0.008"/>
  <testcase classname="eveningTestng.GroupingDemo" name="TATA" time="0.020"/>
</testsuite> <!-- eveningTestng.GroupingDemo -->
