<?xml version="1.0" encoding="UTF-8"?>
<!-- Generated by org.testng.reporters.JUnitReportReporter -->
<testsuite hostname="SanPC" failures="0" tests="1" name="testNgParams.Mul" time="0.002" errors="0" timestamp="2024-02-14T08:26:36 IST" skipped="0">
  <testcase classname="testNgParams.Mul" name="mul" time="0.002"/>
</testsuite> <!-- testNgParams.Mul -->
