<?xml version="1.0" encoding="UTF-8"?>
<!-- Generated by org.testng.reporters.JUnitReportReporter -->
<testsuite hostname="SanPC" failures="0" tests="1" name="testNgParams.Sum" time="0.036" errors="0" timestamp="2024-02-14T09:49:13 IST" skipped="0">
  <testcase classname="testNgParams.Sum" name="mul" time="0.036"/>
</testsuite> <!-- testNgParams.Sum -->
