<?xml version="1.0" encoding="UTF-8"?>
<!-- Generated by org.testng.reporters.JUnitReportReporter -->
<testsuite hostname="SanPC" failures="0" tests="2" name="Basics.GoogleSearchTest" time="15.143" errors="0" timestamp="2024-02-13T09:52:23 IST" skipped="0">
  <testcase classname="Basics.GoogleSearchTest" name="openUrl" time="5.625"/>
  <testcase classname="Basics.GoogleSearchTest" name="testGoogle" time="9.518"/>
</testsuite> <!-- Basics.GoogleSearchTest -->
