<?xml version="1.0" encoding="UTF-8"?>
<!-- Generated by org.testng.reporters.JUnitReportReporter -->
<testsuite hostname="SanPC" failures="0" tests="1" name="eveningTestng.OpenGoogleTest" time="2.404" errors="0" timestamp="2024-02-16T20:20:52 IST" skipped="0">
  <testcase classname="eveningTestng.OpenGoogleTest" name="googleTest" time="2.404"/>
</testsuite> <!-- eveningTestng.OpenGoogleTest -->
