<?xml version="1.0" encoding="UTF-8"?>
<!-- Generated by org.testng.reporters.JUnitReportReporter -->
<testsuite hostname="SanPC" failures="0" tests="1" name="Basics.SecondProg" time="0.006" errors="0" timestamp="2024-02-13T09:17:19 IST" skipped="0">
  <testcase classname="Basics.SecondProg" name="second" time="0.006"/>
</testsuite> <!-- Basics.SecondProg -->
