<?xml version="1.0" encoding="UTF-8"?>
<!-- Generated by org.testng.reporters.JUnitReportReporter -->
<testsuite hostname="SanPC" failures="0" tests="1" name="dataProvider.DProvider" time="0.033" errors="0" timestamp="2024-02-16T21:25:03 IST" skipped="0">
  <testcase classname="dataProvider.DProvider" name="myTest" time="0.033"/>
</testsuite> <!-- dataProvider.DProvider -->
