<?xml version="1.0" encoding="UTF-8"?>
<!-- Generated by org.testng.reporters.JUnitReportReporter -->
<testsuite hostname="SanPC" failures="0" tests="1" name="testNgParams.Sub" time="0.006" errors="0" timestamp="2024-02-14T08:26:36 IST" skipped="0">
  <testcase classname="testNgParams.Sub" name="sub" time="0.006"/>
</testsuite> <!-- testNgParams.Sub -->
