<?xml version="1.0" encoding="UTF-8"?>
<!-- Generated by org.testng.reporters.JUnitReportReporter -->
<testsuite hostname="SanPC" failures="0" tests="1" name="Basics.FirstTestNgProg" time="0.020" errors="0" timestamp="2024-02-13T09:17:19 IST" skipped="0">
  <testcase classname="Basics.FirstTestNgProg" name="firstTest" time="0.020"/>
</testsuite> <!-- Basics.FirstTestNgProg -->
