<?xml version="1.0" encoding="UTF-8"?>
<!-- Generated by org.testng.reporters.JUnitReportReporter -->
<testsuite hostname="SanPC" failures="0" tests="2" name="crossBrowsing.CrossBrowsingTest" time="5.785" errors="0" timestamp="2024-02-15T09:31:54 IST" skipped="0">
  <testcase classname="crossBrowsing.CrossBrowsingTest" name="openUrl" time="3.437"/>
  <testcase classname="crossBrowsing.CrossBrowsingTest" name="openUrl" time="2.348"/>
</testsuite> <!-- crossBrowsing.CrossBrowsingTest -->
